<?xml version="1.0" encoding="UTF-8"?>
<!-- Generated by org.testng.reporters.JUnitXMLReporter -->
<testsuite hostname="CDC2-L-FBGKPN2" ignored="0" name="Test" tests="3" failures="1" timestamp="05 May 2020 15:11:00 GMT" time="0.586" errors="0">
  <testcase name="failTest" time="0.009" classname="ReportExample.ExtentReportExample">
    <failure type="java.lang.AssertionError" message="expected [true] but found [false]">
      <![CDATA[java.lang.AssertionError: expected [true] but found [false]
	at ReportExample.ExtentReportExample.failTest(ExtentReportExample.java:60)
... Removed 29 stack frames]]>
    </failure>
  </testcase> <!-- failTest -->
  <testcase name="passTest" time="0.001" classname="ReportExample.ExtentReportExample"/>
  <testcase name="skipTest" time="0.001" classname="ReportExample.ExtentReportExample">
    <skipped/>
  </testcase> <!-- skipTest -->
</testsuite> <!-- Test -->
